<!DOCTYPE html>
<html>
<head>
    <title>Test Report</title>
    <meta charset="utf-8">
    <meta name="viewport" content="width=device-width, initial-scale=1.0">
    <link rel="stylesheet" href="https://maxcdn.bootstrapcdn.com/bootstrap/3.3.6/css/bootstrap.min.css" integrity="sha384-1q8mTJOASx8j1Au+a5WDVnPi2lkFfwwEAa8hDDdjZlpLegxhjVME1fgjWPGmkzs7" crossorigin="anonymous">
</head>
<body>
    <div class="container">
        <div class="row">
            <div class="col-xs-12">
                <h2 class="text-capitalize">Test Report</h2>
                <p class='attribute'><strong>Start Time: </strong>2022-01-30 08:49:03</p>
                <p class='attribute'><strong>Duration: </strong>23.09 s</p>
                <p class='attribute'><strong>Summary: </strong>Total: 4, Pass: 3, Error: 1</p>
            </div>
        </div>
        <div class="row">
            <div class="col-xs-12 col-sm-10 col-md-10">
                <table class='table table-hover table-responsive'>
                    <thead>
                        <tr>
                            <th>test_suite.LoginTest</th>
                            <th>Status</th>
                            <th></th>
                        </tr>
                    </thead>
                    <tbody>
                        <tr class='success'>
                            <td class="col-xs-10">test_blanksubmission</td>
                            <td class="col-xs-1">
                                <span class="label label-success" style="display:block;width:40px;">Pass</span>
                            </td>
                            <td class="col-xs-1">
                            </td>
                        </tr>
                        <tr class='warning'>
                            <td class="col-xs-10">test_correctcredentials</td>
                            <td class="col-xs-1">
                                <span class="label label-warning" style="display:block;width:40px;">Error</span>
                            </td>
                            <td class="col-xs-1">
                                <button class="btn btn-default btn-xs">View</button>
                            </td>
                        </tr>
                        <tr style="display:none;">
                            <td class="col-xs-9" colspan="3"><p style="color:maroon;">ElementNotInteractableException: Message: element not interactable
  (Session info: chrome=97.0.4692.99)
Stacktrace:
0   chromedriver                        0x000000010456de69 chromedriver + 5160553
1   chromedriver                        0x00000001044f8593 chromedriver + 4679059
2   chromedriver                        0x00000001040ac17f chromedriver + 172415
3   chromedriver                        0x00000001040e2c37 chromedriver + 396343
4   chromedriver                        0x00000001040d6d19 chromedriver + 347417
5   chromedriver                        0x00000001040ff362 chromedriver + 512866
6   chromedriver                        0x00000001040d65b5 chromedriver + 345525
7   chromedriver                        0x00000001040ff67e chromedriver + 513662
8   chromedriver                        0x00000001041120ab chromedriver + 589995
9   chromedriver                        0x00000001040ff623 chromedriver + 513571
10  chromedriver                        0x00000001040d4dce chromedriver + 339406
11  chromedriver                        0x00000001040d6105 chromedriver + 344325
12  chromedriver                        0x000000010452923e chromedriver + 4878910
13  chromedriver                        0x0000000104540d17 chromedriver + 4975895
14  chromedriver                        0x0000000104546a3f chromedriver + 4999743
15  chromedriver                        0x000000010454161a chromedriver + 4978202
16  chromedriver                        0x000000010451dbb1 chromedriver + 4832177
17  chromedriver                        0x000000010455dfd8 chromedriver + 5095384
18  chromedriver                        0x000000010455e161 chromedriver + 5095777
19  chromedriver                        0x00000001045752a8 chromedriver + 5190312
20  libsystem_pthread.dylib             0x00007fff204968fc _pthread_start + 224
21  libsystem_pthread.dylib             0x00007fff20492443 thread_start + 15
</p><p style="color:maroon;">Traceback (most recent call last):
  File "/Volumes/contents/ywsos2021_web/test_cases/test_suite.py", line 96, in test_correctcredentials
    logoutButton1.click()
  File "/Volumes/contents/ywsos2021_web/venv/lib/python3.8/site-packages/selenium/webdriver/remote/webelement.py", line 81, in click
    self._execute(Command.CLICK_ELEMENT)
  File "/Volumes/contents/ywsos2021_web/venv/lib/python3.8/site-packages/selenium/webdriver/remote/webelement.py", line 710, in _execute
    return self._parent.execute(command, params)
  File "/Volumes/contents/ywsos2021_web/venv/lib/python3.8/site-packages/selenium/webdriver/remote/webdriver.py", line 424, in execute
    self.error_handler.check_response(response)
  File "/Volumes/contents/ywsos2021_web/venv/lib/python3.8/site-packages/selenium/webdriver/remote/errorhandler.py", line 247, in check_response
    raise exception_class(message, screen, stacktrace)
selenium.common.exceptions.ElementNotInteractableException: Message: element not interactable
  (Session info: chrome=97.0.4692.99)
Stacktrace:
0   chromedriver                        0x000000010456de69 chromedriver + 5160553
1   chromedriver                        0x00000001044f8593 chromedriver + 4679059
2   chromedriver                        0x00000001040ac17f chromedriver + 172415
3   chromedriver                        0x00000001040e2c37 chromedriver + 396343
4   chromedriver                        0x00000001040d6d19 chromedriver + 347417
5   chromedriver                        0x00000001040ff362 chromedriver + 512866
6   chromedriver                        0x00000001040d65b5 chromedriver + 345525
7   chromedriver                        0x00000001040ff67e chromedriver + 513662
8   chromedriver                        0x00000001041120ab chromedriver + 589995
9   chromedriver                        0x00000001040ff623 chromedriver + 513571
10  chromedriver                        0x00000001040d4dce chromedriver + 339406
11  chromedriver                        0x00000001040d6105 chromedriver + 344325
12  chromedriver                        0x000000010452923e chromedriver + 4878910
13  chromedriver                        0x0000000104540d17 chromedriver + 4975895
14  chromedriver                        0x0000000104546a3f chromedriver + 4999743
15  chromedriver                        0x000000010454161a chromedriver + 4978202
16  chromedriver                        0x000000010451dbb1 chromedriver + 4832177
17  chromedriver                        0x000000010455dfd8 chromedriver + 5095384
18  chromedriver                        0x000000010455e161 chromedriver + 5095777
19  chromedriver                        0x00000001045752a8 chromedriver + 5190312
20  libsystem_pthread.dylib             0x00007fff204968fc _pthread_start + 224
21  libsystem_pthread.dylib             0x00007fff20492443 thread_start + 15



====== WebDriver manager ======
Current google-chrome version is 97.0.4692
Get LATEST chromedriver version for 97.0.4692 google-chrome
Driver [/Users/sid/.wdm/drivers/chromedriver/mac64/97.0.4692.71/chromedriver] found in cache
</p>
                            </td>
                        </tr>
                        <tr class='success'>
                            <td class="col-xs-10">test_passwordonly</td>
                            <td class="col-xs-1">
                                <span class="label label-success" style="display:block;width:40px;">Pass</span>
                            </td>
                            <td class="col-xs-1">
                            </td>
                        </tr>
                        <tr class='success'>
                            <td class="col-xs-10">test_usernameonly</td>
                            <td class="col-xs-1">
                                <span class="label label-success" style="display:block;width:40px;">Pass</span>
                            </td>
                            <td class="col-xs-1">
                            </td>
                        </tr>
                        <tr>
                            <td colspan="3">
                                Total: 4, Pass: 3, Error: 1 -- Duration: 23.09 s
                            </td>
                        </tr>
                    </tbody>
                </table>
            </div>
        </div>
    </div>
    <script src="https://ajax.googleapis.com/ajax/libs/jquery/2.2.4/jquery.min.js"></script>
    <script type="text/javascript">
        $(document).ready(function(){
            $('td').on('click', '.btn', function(e){
                e.preventDefault();
                e.stopImmediatePropagation();
                var $this = $(this);
                var $nextRow = $this.closest('tr').next('tr');
                $nextRow.slideToggle("fast");
                $this.text(function(i, text){
                    if (text === 'View') {
                        return 'Hide';
                    } else {
                        return 'View';
                    };
                });
            });
        });
    </script>
</body>
</html