<!DOCTYPE html>
<html>
<head>
    <title>Test Report</title>
    <meta charset="utf-8">
    <meta name="viewport" content="width=device-width, initial-scale=1.0">
    <link rel="stylesheet" href="https://maxcdn.bootstrapcdn.com/bootstrap/3.3.6/css/bootstrap.min.css" integrity="sha384-1q8mTJOASx8j1Au+a5WDVnPi2lkFfwwEAa8hDDdjZlpLegxhjVME1fgjWPGmkzs7" crossorigin="anonymous">
</head>
<body>
    <div class="container">
        <div class="row">
            <div class="col-xs-12">
                <h2 class="text-capitalize">Test Report</h2>
                <p class='attribute'><strong>Start Time: </strong>2022-01-16 09:34:17</p>
                <p class='attribute'><strong>Duration: </strong>8.52 s</p>
                <p class='attribute'><strong>Summary: </strong>Total: 1, Pass: 0, Error: 1</p>
            </div>
        </div>
        <div class="row">
            <div class="col-xs-12 col-sm-10 col-md-10">
                <table class='table table-hover table-responsive'>
                    <thead>
                        <tr>
                            <th>test_suite.UploadTest</th>
                            <th>Status</th>
                            <th></th>
                        </tr>
                    </thead>
                    <tbody>
                        <tr class='warning'>
                            <td class="col-xs-10">test_uploadCheck</td>
                            <td class="col-xs-1">
                                <span class="label label-warning" style="display:block;width:40px;">Error</span>
                            </td>
                            <td class="col-xs-1">
                                <button class="btn btn-default btn-xs">View</button>
                            </td>
                        </tr>
                        <tr style="display:none;">
                            <td class="col-xs-9" colspan="3"><p style="color:maroon;">NoSuchElementException: Message: no such element: Unable to locate element: {"method":"css selector","selector":"[id="file"]"}
  (Session info: chrome=97.0.4692.71)
Stacktrace:
0   chromedriver                        0x00000001032e6e69 chromedriver + 5160553
1   chromedriver                        0x0000000103271593 chromedriver + 4679059
2   chromedriver                        0x0000000102e252c8 chromedriver + 172744
3   chromedriver                        0x0000000102e5ab62 chromedriver + 392034
4   chromedriver                        0x0000000102e5ad21 chromedriver + 392481
5   chromedriver                        0x0000000102e8d304 chromedriver + 598788
6   chromedriver                        0x0000000102e783fd chromedriver + 513021
7   chromedriver                        0x0000000102e8b0ab chromedriver + 589995
8   chromedriver                        0x0000000102e78623 chromedriver + 513571
9   chromedriver                        0x0000000102e4ddce chromedriver + 339406
10  chromedriver                        0x0000000102e4f105 chromedriver + 344325
11  chromedriver                        0x00000001032a223e chromedriver + 4878910
12  chromedriver                        0x00000001032b9d17 chromedriver + 4975895
13  chromedriver                        0x00000001032bfa3f chromedriver + 4999743
14  chromedriver                        0x00000001032ba61a chromedriver + 4978202
15  chromedriver                        0x0000000103296bb1 chromedriver + 4832177
16  chromedriver                        0x00000001032d6fd8 chromedriver + 5095384
17  chromedriver                        0x00000001032d7161 chromedriver + 5095777
18  chromedriver                        0x00000001032ee2a8 chromedriver + 5190312
19  libsystem_pthread.dylib             0x00007fff204968fc _pthread_start + 224
20  libsystem_pthread.dylib             0x00007fff20492443 thread_start + 15
</p><p style="color:maroon;">Traceback (most recent call last):
  File "/Volumes/contents/ywsos2021_web/test_cases/test_suite.py", line 121, in test_uploadCheck
    self.driver.find_element_by_id("file").send_keys("test_image.jpeg")
  File "/Volumes/contents/ywsos2021_web/venv/lib/python3.8/site-packages/selenium/webdriver/remote/webdriver.py", line 472, in find_element_by_id
    return self.find_element(by=By.ID, value=id_)
  File "/Volumes/contents/ywsos2021_web/venv/lib/python3.8/site-packages/selenium/webdriver/remote/webdriver.py", line 1244, in find_element
    return self.execute(Command.FIND_ELEMENT, {
  File "/Volumes/contents/ywsos2021_web/venv/lib/python3.8/site-packages/selenium/webdriver/remote/webdriver.py", line 424, in execute
    self.error_handler.check_response(response)
  File "/Volumes/contents/ywsos2021_web/venv/lib/python3.8/site-packages/selenium/webdriver/remote/errorhandler.py", line 247, in check_response
    raise exception_class(message, screen, stacktrace)
selenium.common.exceptions.NoSuchElementException: Message: no such element: Unable to locate element: {"method":"css selector","selector":"[id="file"]"}
  (Session info: chrome=97.0.4692.71)
Stacktrace:
0   chromedriver                        0x00000001032e6e69 chromedriver + 5160553
1   chromedriver                        0x0000000103271593 chromedriver + 4679059
2   chromedriver                        0x0000000102e252c8 chromedriver + 172744
3   chromedriver                        0x0000000102e5ab62 chromedriver + 392034
4   chromedriver                        0x0000000102e5ad21 chromedriver + 392481
5   chromedriver                        0x0000000102e8d304 chromedriver + 598788
6   chromedriver                        0x0000000102e783fd chromedriver + 513021
7   chromedriver                        0x0000000102e8b0ab chromedriver + 589995
8   chromedriver                        0x0000000102e78623 chromedriver + 513571
9   chromedriver                        0x0000000102e4ddce chromedriver + 339406
10  chromedriver                        0x0000000102e4f105 chromedriver + 344325
11  chromedriver                        0x00000001032a223e chromedriver + 4878910
12  chromedriver                        0x00000001032b9d17 chromedriver + 4975895
13  chromedriver                        0x00000001032bfa3f chromedriver + 4999743
14  chromedriver                        0x00000001032ba61a chromedriver + 4978202
15  chromedriver                        0x0000000103296bb1 chromedriver + 4832177
16  chromedriver                        0x00000001032d6fd8 chromedriver + 5095384
17  chromedriver                        0x00000001032d7161 chromedriver + 5095777
18  chromedriver                        0x00000001032ee2a8 chromedriver + 5190312
19  libsystem_pthread.dylib             0x00007fff204968fc _pthread_start + 224
20  libsystem_pthread.dylib             0x00007fff20492443 thread_start + 15



====== WebDriver manager ======
Current google-chrome version is 97.0.4692
Get LATEST chromedriver version for 97.0.4692 google-chrome
Driver [/Users/sid/.wdm/drivers/chromedriver/mac64/97.0.4692.71/chromedriver] found in cache
</p>
                            </td>
                        </tr>
                        <tr>
                            <td colspan="3">
                                Total: 1, Pass: 0, Error: 1 -- Duration: 8.52 s
                            </td>
                        </tr>
                    </tbody>
                </table>
            </div>
        </div>
    </div>
    <script src="https://ajax.googleapis.com/ajax/libs/jquery/2.2.4/jquery.min.js"></script>
    <script type="text/javascript">
        $(document).ready(function(){
            $('td').on('click', '.btn', function(e){
                e.preventDefault();
                e.stopImmediatePropagation();
                var $this = $(this);
                var $nextRow = $this.closest('tr').next('tr');
                $nextRow.slideToggle("fast");
                $this.text(function(i, text){
                    if (text === 'View') {
                        return 'Hide';
                    } else {
                        return 'View';
                    };
                });
            });
        });
    </script>
</body>
</html