<!DOCTYPE html>
<html>
<head>
    <title>Test Report</title>
    <meta charset="utf-8">
    <meta name="viewport" content="width=device-width, initial-scale=1.0">
    <link rel="stylesheet" href="https://maxcdn.bootstrapcdn.com/bootstrap/3.3.6/css/bootstrap.min.css" integrity="sha384-1q8mTJOASx8j1Au+a5WDVnPi2lkFfwwEAa8hDDdjZlpLegxhjVME1fgjWPGmkzs7" crossorigin="anonymous">
</head>
<body>
    <div class="container">
        <div class="row">
            <div class="col-xs-12">
                <h2 class="text-capitalize">Test Report</h2>
                <p class='attribute'><strong>Start Time: </strong>2022-02-20 08:26:41</p>
                <p class='attribute'><strong>Duration: </strong>67.47 s</p>
                <p class='attribute'><strong>Summary: </strong>Total: 9, Pass: 8, Error: 1</p>
            </div>
        </div>
        <div class="row">
            <div class="col-xs-12 col-sm-10 col-md-10">
                <table class='table table-hover table-responsive'>
                    <thead>
                        <tr>
                            <th>test_suite.HomeTest</th>
                            <th>Status</th>
                            <th></th>
                        </tr>
                    </thead>
                    <tbody>
                        <tr class='success'>
                            <td class="col-xs-10">test_home</td>
                            <td class="col-xs-1">
                                <span class="label label-success" style="display:block;width:40px;">Pass</span>
                            </td>
                            <td class="col-xs-1">
                            </td>
                        </tr>
                        <tr class='success'>
                            <td class="col-xs-10">test_login</td>
                            <td class="col-xs-1">
                                <span class="label label-success" style="display:block;width:40px;">Pass</span>
                            </td>
                            <td class="col-xs-1">
                            </td>
                        </tr>
                        <tr>
                            <td colspan="3">
                                Total: 2, Pass: 2 -- Duration: 26.38 s
                            </td>
                        </tr>
                    </tbody>
                </table>
            </div>
        </div>
        <div class="row">
            <div class="col-xs-12 col-sm-10 col-md-10">
                <table class='table table-hover table-responsive'>
                    <thead>
                        <tr>
                            <th>test_suite.LoginTest</th>
                            <th>Status</th>
                            <th></th>
                        </tr>
                    </thead>
                    <tbody>
                        <tr class='success'>
                            <td class="col-xs-10">test_blanksubmission</td>
                            <td class="col-xs-1">
                                <span class="label label-success" style="display:block;width:40px;">Pass</span>
                            </td>
                            <td class="col-xs-1">
                            </td>
                        </tr>
                        <tr class='warning'>
                            <td class="col-xs-10">test_correctcredentials</td>
                            <td class="col-xs-1">
                                <span class="label label-warning" style="display:block;width:40px;">Error</span>
                            </td>
                            <td class="col-xs-1">
                                <button class="btn btn-default btn-xs">View</button>
                            </td>
                        </tr>
                        <tr style="display:none;">
                            <td class="col-xs-9" colspan="3"><p style="color:maroon;">NoSuchElementException: Message: no such element: Unable to locate element: {"method":"css selector","selector":"[id="confirmLogout"]"}
  (Session info: chrome=98.0.4758.102)
Stacktrace:
0   chromedriver                        0x0000000105438ee9 chromedriver + 5013225
1   chromedriver                        0x00000001053c41d3 chromedriver + 4534739
2   chromedriver                        0x0000000104f9aa68 chromedriver + 170600
3   chromedriver                        0x0000000104fcf152 chromedriver + 385362
4   chromedriver                        0x0000000104fcf311 chromedriver + 385809
5   chromedriver                        0x0000000105001324 chromedriver + 590628
6   chromedriver                        0x0000000104fec80d chromedriver + 505869
7   chromedriver                        0x0000000104fff074 chromedriver + 581748
8   chromedriver                        0x0000000104fec6d3 chromedriver + 505555
9   chromedriver                        0x0000000104fc276e chromedriver + 333678
10  chromedriver                        0x0000000104fc3745 chromedriver + 337733
11  chromedriver                        0x00000001053f4efe chromedriver + 4734718
12  chromedriver                        0x000000010540ea19 chromedriver + 4839961
13  chromedriver                        0x00000001054141c8 chromedriver + 4862408
14  chromedriver                        0x000000010540f3aa chromedriver + 4842410
15  chromedriver                        0x00000001053e9a01 chromedriver + 4688385
16  chromedriver                        0x000000010542a538 chromedriver + 4953400
17  chromedriver                        0x000000010542a6c1 chromedriver + 4953793
18  chromedriver                        0x0000000105440225 chromedriver + 5042725
19  libsystem_pthread.dylib             0x00007fff204968fc _pthread_start + 224
20  libsystem_pthread.dylib             0x00007fff20492443 thread_start + 15
</p><p style="color:maroon;">Traceback (most recent call last):
  File "/Volumes/contents/ywsos2021_web/test_cases/test_suite.py", line 98, in test_correctcredentials
    logoutButton1 = self.driver.find_element_by_id("confirmLogout")
  File "/Volumes/contents/ywsos2021_web/venv/lib/python3.8/site-packages/selenium/webdriver/remote/webdriver.py", line 472, in find_element_by_id
    return self.find_element(by=By.ID, value=id_)
  File "/Volumes/contents/ywsos2021_web/venv/lib/python3.8/site-packages/selenium/webdriver/remote/webdriver.py", line 1244, in find_element
    return self.execute(Command.FIND_ELEMENT, {
  File "/Volumes/contents/ywsos2021_web/venv/lib/python3.8/site-packages/selenium/webdriver/remote/webdriver.py", line 424, in execute
    self.error_handler.check_response(response)
  File "/Volumes/contents/ywsos2021_web/venv/lib/python3.8/site-packages/selenium/webdriver/remote/errorhandler.py", line 247, in check_response
    raise exception_class(message, screen, stacktrace)
selenium.common.exceptions.NoSuchElementException: Message: no such element: Unable to locate element: {"method":"css selector","selector":"[id="confirmLogout"]"}
  (Session info: chrome=98.0.4758.102)
Stacktrace:
0   chromedriver                        0x0000000105438ee9 chromedriver + 5013225
1   chromedriver                        0x00000001053c41d3 chromedriver + 4534739
2   chromedriver                        0x0000000104f9aa68 chromedriver + 170600
3   chromedriver                        0x0000000104fcf152 chromedriver + 385362
4   chromedriver                        0x0000000104fcf311 chromedriver + 385809
5   chromedriver                        0x0000000105001324 chromedriver + 590628
6   chromedriver                        0x0000000104fec80d chromedriver + 505869
7   chromedriver                        0x0000000104fff074 chromedriver + 581748
8   chromedriver                        0x0000000104fec6d3 chromedriver + 505555
9   chromedriver                        0x0000000104fc276e chromedriver + 333678
10  chromedriver                        0x0000000104fc3745 chromedriver + 337733
11  chromedriver                        0x00000001053f4efe chromedriver + 4734718
12  chromedriver                        0x000000010540ea19 chromedriver + 4839961
13  chromedriver                        0x00000001054141c8 chromedriver + 4862408
14  chromedriver                        0x000000010540f3aa chromedriver + 4842410
15  chromedriver                        0x00000001053e9a01 chromedriver + 4688385
16  chromedriver                        0x000000010542a538 chromedriver + 4953400
17  chromedriver                        0x000000010542a6c1 chromedriver + 4953793
18  chromedriver                        0x0000000105440225 chromedriver + 5042725
19  libsystem_pthread.dylib             0x00007fff204968fc _pthread_start + 224
20  libsystem_pthread.dylib             0x00007fff20492443 thread_start + 15



====== WebDriver manager ======
Current google-chrome version is 98.0.4758
Get LATEST chromedriver version for 98.0.4758 google-chrome
Driver [/Users/sid/.wdm/drivers/chromedriver/mac64/98.0.4758.102/chromedriver] found in cache
</p>
                            </td>
                        </tr>
                        <tr class='success'>
                            <td class="col-xs-10">test_passwordonly</td>
                            <td class="col-xs-1">
                                <span class="label label-success" style="display:block;width:40px;">Pass</span>
                            </td>
                            <td class="col-xs-1">
                            </td>
                        </tr>
                        <tr class='success'>
                            <td class="col-xs-10">test_usernameonly</td>
                            <td class="col-xs-1">
                                <span class="label label-success" style="display:block;width:40px;">Pass</span>
                            </td>
                            <td class="col-xs-1">
                            </td>
                        </tr>
                        <tr>
                            <td colspan="3">
                                Total: 4, Pass: 3, Error: 1 -- Duration: 20.64 s
                            </td>
                        </tr>
                    </tbody>
                </table>
            </div>
        </div>
        <div class="row">
            <div class="col-xs-12 col-sm-10 col-md-10">
                <table class='table table-hover table-responsive'>
                    <thead>
                        <tr>
                            <th>test_suite.SignupTest</th>
                            <th>Status</th>
                            <th></th>
                        </tr>
                    </thead>
                    <tbody>
                        <tr class='success'>
                            <td class="col-xs-10">test_signingup</td>
                            <td class="col-xs-1">
                                <span class="label label-success" style="display:block;width:40px;">Pass</span>
                            </td>
                            <td class="col-xs-1">
                            </td>
                        </tr>
                        <tr class='success'>
                            <td class="col-xs-10">test_signupduplicate</td>
                            <td class="col-xs-1">
                                <span class="label label-success" style="display:block;width:40px;">Pass</span>
                            </td>
                            <td class="col-xs-1">
                            </td>
                        </tr>
                        <tr>
                            <td colspan="3">
                                Total: 2, Pass: 2 -- Duration: 12.04 s
                            </td>
                        </tr>
                    </tbody>
                </table>
            </div>
        </div>
        <div class="row">
            <div class="col-xs-12 col-sm-10 col-md-10">
                <table class='table table-hover table-responsive'>
                    <thead>
                        <tr>
                            <th>test_suite.UploadTest</th>
                            <th>Status</th>
                            <th></th>
                        </tr>
                    </thead>
                    <tbody>
                        <tr class='success'>
                            <td class="col-xs-10">test_uploadCheck</td>
                            <td class="col-xs-1">
                                <span class="label label-success" style="display:block;width:40px;">Pass</span>
                            </td>
                            <td class="col-xs-1">
                                <button class="btn btn-default btn-xs">View</button>
                            </td>
                        </tr>
                        <tr style="display:none;">
                            <td class="col-xs-9" colspan="3"><p>/Volumes/contents/ywsos2021_web/test_casestest_image.jpeg
</p>
                            </td>
                        </tr>
                        <tr>
                            <td colspan="3">
                                Total: 1, Pass: 1 -- Duration: 8.42 s
                            </td>
                        </tr>
                    </tbody>
                </table>
            </div>
        </div>
    </div>
    <script src="https://ajax.googleapis.com/ajax/libs/jquery/2.2.4/jquery.min.js"></script>
    <script type="text/javascript">
        $(document).ready(function(){
            $('td').on('click', '.btn', function(e){
                e.preventDefault();
                e.stopImmediatePropagation();
                var $this = $(this);
                var $nextRow = $this.closest('tr').next('tr');
                $nextRow.slideToggle("fast");
                $this.text(function(i, text){
                    if (text === 'View') {
                        return 'Hide';
                    } else {
                        return 'View';
                    };
                });
            });
        });
    </script>
</body>
</html