<!DOCTYPE html>
<html>
<head>
    <title>Test Report</title>
    <meta charset="utf-8">
    <meta name="viewport" content="width=device-width, initial-scale=1.0">
    <link rel="stylesheet" href="https://maxcdn.bootstrapcdn.com/bootstrap/3.3.6/css/bootstrap.min.css" integrity="sha384-1q8mTJOASx8j1Au+a5WDVnPi2lkFfwwEAa8hDDdjZlpLegxhjVME1fgjWPGmkzs7" crossorigin="anonymous">
</head>
<body>
    <div class="container">
        <div class="row">
            <div class="col-xs-12">
                <h2 class="text-capitalize">Test Report</h2>
                <p class='attribute'><strong>Start Time: </strong>2022-01-16 08:52:18</p>
                <p class='attribute'><strong>Duration: </strong>40.58 s</p>
                <p class='attribute'><strong>Summary: </strong>Total: 7, Pass: 6, Error: 1</p>
            </div>
        </div>
        <div class="row">
            <div class="col-xs-12 col-sm-10 col-md-10">
                <table class='table table-hover table-responsive'>
                    <thead>
                        <tr>
                            <th>test_suite.HomeTest</th>
                            <th>Status</th>
                            <th></th>
                        </tr>
                    </thead>
                    <tbody>
                        <tr class='success'>
                            <td class="col-xs-10">test_home</td>
                            <td class="col-xs-1">
                                <span class="label label-success" style="display:block;width:40px;">Pass</span>
                            </td>
                            <td class="col-xs-1">
                            </td>
                        </tr>
                        <tr class='success'>
                            <td class="col-xs-10">test_login</td>
                            <td class="col-xs-1">
                                <span class="label label-success" style="display:block;width:40px;">Pass</span>
                            </td>
                            <td class="col-xs-1">
                            </td>
                        </tr>
                        <tr>
                            <td colspan="3">
                                Total: 2, Pass: 2 -- Duration: 12.03 s
                            </td>
                        </tr>
                    </tbody>
                </table>
            </div>
        </div>
        <div class="row">
            <div class="col-xs-12 col-sm-10 col-md-10">
                <table class='table table-hover table-responsive'>
                    <thead>
                        <tr>
                            <th>test_suite.LoginTest</th>
                            <th>Status</th>
                            <th></th>
                        </tr>
                    </thead>
                    <tbody>
                        <tr class='success'>
                            <td class="col-xs-10">test_blanksubmission</td>
                            <td class="col-xs-1">
                                <span class="label label-success" style="display:block;width:40px;">Pass</span>
                            </td>
                            <td class="col-xs-1">
                            </td>
                        </tr>
                        <tr class='success'>
                            <td class="col-xs-10">test_correctcredentials</td>
                            <td class="col-xs-1">
                                <span class="label label-success" style="display:block;width:40px;">Pass</span>
                            </td>
                            <td class="col-xs-1">
                            </td>
                        </tr>
                        <tr class='success'>
                            <td class="col-xs-10">test_passwordonly</td>
                            <td class="col-xs-1">
                                <span class="label label-success" style="display:block;width:40px;">Pass</span>
                            </td>
                            <td class="col-xs-1">
                            </td>
                        </tr>
                        <tr class='success'>
                            <td class="col-xs-10">test_usernameonly</td>
                            <td class="col-xs-1">
                                <span class="label label-success" style="display:block;width:40px;">Pass</span>
                            </td>
                            <td class="col-xs-1">
                            </td>
                        </tr>
                        <tr>
                            <td colspan="3">
                                Total: 4, Pass: 4 -- Duration: 22.04 s
                            </td>
                        </tr>
                    </tbody>
                </table>
            </div>
        </div>
        <div class="row">
            <div class="col-xs-12 col-sm-10 col-md-10">
                <table class='table table-hover table-responsive'>
                    <thead>
                        <tr>
                            <th>test_suite.UploadTest</th>
                            <th>Status</th>
                            <th></th>
                        </tr>
                    </thead>
                    <tbody>
                        <tr class='warning'>
                            <td class="col-xs-10">test_uploadCheck</td>
                            <td class="col-xs-1">
                                <span class="label label-warning" style="display:block;width:40px;">Error</span>
                            </td>
                            <td class="col-xs-1">
                                <button class="btn btn-default btn-xs">View</button>
                            </td>
                        </tr>
                        <tr style="display:none;">
                            <td class="col-xs-9" colspan="3"><p style="color:maroon;">InvalidArgumentException: Message: invalid argument: File not found : test_image.jpg
  (Session info: chrome=97.0.4692.71)
Stacktrace:
0   chromedriver                        0x0000000102e03e69 chromedriver + 5160553
1   chromedriver                        0x0000000102d8e593 chromedriver + 4679059
2   chromedriver                        0x00000001029422c8 chromedriver + 172744
3   chromedriver                        0x0000000102970a96 chromedriver + 363158
4   chromedriver                        0x0000000102995362 chromedriver + 512866
5   chromedriver                        0x000000010296c5b5 chromedriver + 345525
6   chromedriver                        0x000000010299567e chromedriver + 513662
7   chromedriver                        0x00000001029a80ab chromedriver + 589995
8   chromedriver                        0x0000000102995623 chromedriver + 513571
9   chromedriver                        0x000000010296adce chromedriver + 339406
10  chromedriver                        0x000000010296c105 chromedriver + 344325
11  chromedriver                        0x0000000102dbf23e chromedriver + 4878910
12  chromedriver                        0x0000000102dd6d17 chromedriver + 4975895
13  chromedriver                        0x0000000102ddca3f chromedriver + 4999743
14  chromedriver                        0x0000000102dd761a chromedriver + 4978202
15  chromedriver                        0x0000000102db3bb1 chromedriver + 4832177
16  chromedriver                        0x0000000102df3fd8 chromedriver + 5095384
17  chromedriver                        0x0000000102df4161 chromedriver + 5095777
18  chromedriver                        0x0000000102e0b2a8 chromedriver + 5190312
19  libsystem_pthread.dylib             0x00007fff204968fc _pthread_start + 224
20  libsystem_pthread.dylib             0x00007fff20492443 thread_start + 15
</p><p style="color:maroon;">Traceback (most recent call last):
  File "/Volumes/contents/ywsos2021_web/test_cases/test_suite.py", line 122, in test_uploadCheck
    imgTest.send_keys("test_image.jpg")
  File "/Volumes/contents/ywsos2021_web/venv/lib/python3.8/site-packages/selenium/webdriver/remote/webelement.py", line 540, in send_keys
    self._execute(Command.SEND_KEYS_TO_ELEMENT,
  File "/Volumes/contents/ywsos2021_web/venv/lib/python3.8/site-packages/selenium/webdriver/remote/webelement.py", line 710, in _execute
    return self._parent.execute(command, params)
  File "/Volumes/contents/ywsos2021_web/venv/lib/python3.8/site-packages/selenium/webdriver/remote/webdriver.py", line 424, in execute
    self.error_handler.check_response(response)
  File "/Volumes/contents/ywsos2021_web/venv/lib/python3.8/site-packages/selenium/webdriver/remote/errorhandler.py", line 247, in check_response
    raise exception_class(message, screen, stacktrace)
selenium.common.exceptions.InvalidArgumentException: Message: invalid argument: File not found : test_image.jpg
  (Session info: chrome=97.0.4692.71)
Stacktrace:
0   chromedriver                        0x0000000102e03e69 chromedriver + 5160553
1   chromedriver                        0x0000000102d8e593 chromedriver + 4679059
2   chromedriver                        0x00000001029422c8 chromedriver + 172744
3   chromedriver                        0x0000000102970a96 chromedriver + 363158
4   chromedriver                        0x0000000102995362 chromedriver + 512866
5   chromedriver                        0x000000010296c5b5 chromedriver + 345525
6   chromedriver                        0x000000010299567e chromedriver + 513662
7   chromedriver                        0x00000001029a80ab chromedriver + 589995
8   chromedriver                        0x0000000102995623 chromedriver + 513571
9   chromedriver                        0x000000010296adce chromedriver + 339406
10  chromedriver                        0x000000010296c105 chromedriver + 344325
11  chromedriver                        0x0000000102dbf23e chromedriver + 4878910
12  chromedriver                        0x0000000102dd6d17 chromedriver + 4975895
13  chromedriver                        0x0000000102ddca3f chromedriver + 4999743
14  chromedriver                        0x0000000102dd761a chromedriver + 4978202
15  chromedriver                        0x0000000102db3bb1 chromedriver + 4832177
16  chromedriver                        0x0000000102df3fd8 chromedriver + 5095384
17  chromedriver                        0x0000000102df4161 chromedriver + 5095777
18  chromedriver                        0x0000000102e0b2a8 chromedriver + 5190312
19  libsystem_pthread.dylib             0x00007fff204968fc _pthread_start + 224
20  libsystem_pthread.dylib             0x00007fff20492443 thread_start + 15



====== WebDriver manager ======
Current google-chrome version is 97.0.4692
Get LATEST chromedriver version for 97.0.4692 google-chrome
Driver [/Users/sid/.wdm/drivers/chromedriver/mac64/97.0.4692.71/chromedriver] found in cache
</p>
                            </td>
                        </tr>
                        <tr>
                            <td colspan="3">
                                Total: 1, Pass: 0, Error: 1 -- Duration: 6.51 s
                            </td>
                        </tr>
                    </tbody>
                </table>
            </div>
        </div>
    </div>
    <script src="https://ajax.googleapis.com/ajax/libs/jquery/2.2.4/jquery.min.js"></script>
    <script type="text/javascript">
        $(document).ready(function(){
            $('td').on('click', '.btn', function(e){
                e.preventDefault();
                e.stopImmediatePropagation();
                var $this = $(this);
                var $nextRow = $this.closest('tr').next('tr');
                $nextRow.slideToggle("fast");
                $this.text(function(i, text){
                    if (text === 'View') {
                        return 'Hide';
                    } else {
                        return 'View';
                    };
                });
            });
        });
    </script>
</body>
</html