<!DOCTYPE html>
<html>
<head>
    <title>Test Report</title>
    <meta charset="utf-8">
    <meta name="viewport" content="width=device-width, initial-scale=1.0">
    <link rel="stylesheet" href="https://maxcdn.bootstrapcdn.com/bootstrap/3.3.6/css/bootstrap.min.css" integrity="sha384-1q8mTJOASx8j1Au+a5WDVnPi2lkFfwwEAa8hDDdjZlpLegxhjVME1fgjWPGmkzs7" crossorigin="anonymous">
</head>
<body>
    <div class="container">
        <div class="row">
            <div class="col-xs-12">
                <h2 class="text-capitalize">Test Report</h2>
                <p class='attribute'><strong>Start Time: </strong>2022-02-06 08:12:31</p>
                <p class='attribute'><strong>Duration: </strong>37.41 s</p>
                <p class='attribute'><strong>Summary: </strong>Total: 4, Pass: 3, Error: 1</p>
            </div>
        </div>
        <div class="row">
            <div class="col-xs-12 col-sm-10 col-md-10">
                <table class='table table-hover table-responsive'>
                    <thead>
                        <tr>
                            <th>test_suite.LoginTest</th>
                            <th>Status</th>
                            <th></th>
                        </tr>
                    </thead>
                    <tbody>
                        <tr class='success'>
                            <td class="col-xs-10">test_blanksubmission</td>
                            <td class="col-xs-1">
                                <span class="label label-success" style="display:block;width:40px;">Pass</span>
                            </td>
                            <td class="col-xs-1">
                            </td>
                        </tr>
                        <tr class='warning'>
                            <td class="col-xs-10">test_correctcredentials</td>
                            <td class="col-xs-1">
                                <span class="label label-warning" style="display:block;width:40px;">Error</span>
                            </td>
                            <td class="col-xs-1">
                                <button class="btn btn-default btn-xs">View</button>
                            </td>
                        </tr>
                        <tr style="display:none;">
                            <td class="col-xs-9" colspan="3"><p style="color:maroon;">ElementNotInteractableException: Message: element not interactable
  (Session info: chrome=98.0.4758.80)
Stacktrace:
0   chromedriver                        0x00000001030db3c9 chromedriver + 5018569
1   chromedriver                        0x0000000103066333 chromedriver + 4539187
2   chromedriver                        0x0000000102c3b93f chromedriver + 170303
3   chromedriver                        0x0000000102c71407 chromedriver + 390151
4   chromedriver                        0x0000000102c65549 chromedriver + 341321
5   chromedriver                        0x0000000102c8d7e2 chromedriver + 505826
6   chromedriver                        0x0000000102c64de5 chromedriver + 339429
7   chromedriver                        0x0000000102c8d8ee chromedriver + 506094
8   chromedriver                        0x0000000102ca0604 chromedriver + 583172
9   chromedriver                        0x0000000102c8d6d3 chromedriver + 505555
10  chromedriver                        0x0000000102c6395e chromedriver + 334174
11  chromedriver                        0x0000000102c64935 chromedriver + 338229
12  chromedriver                        0x00000001030971ee chromedriver + 4739566
13  chromedriver                        0x00000001030b0f51 chromedriver + 4845393
14  chromedriver                        0x00000001030b6928 chromedriver + 4868392
15  chromedriver                        0x00000001030b1a7a chromedriver + 4848250
16  chromedriver                        0x000000010308bc31 chromedriver + 4693041
17  chromedriver                        0x00000001030cc978 chromedriver + 4958584
18  chromedriver                        0x00000001030ccb01 chromedriver + 4958977
19  chromedriver                        0x00000001030e2795 chromedriver + 5048213
20  libsystem_pthread.dylib             0x00007fff204968fc _pthread_start + 224
21  libsystem_pthread.dylib             0x00007fff20492443 thread_start + 15
</p><p style="color:maroon;">Traceback (most recent call last):
  File "/Volumes/contents/ywsos2021_web/test_cases/test_suite.py", line 97, in test_correctcredentials
    logoutButton1.click()
  File "/Volumes/contents/ywsos2021_web/venv/lib/python3.8/site-packages/selenium/webdriver/remote/webelement.py", line 81, in click
    self._execute(Command.CLICK_ELEMENT)
  File "/Volumes/contents/ywsos2021_web/venv/lib/python3.8/site-packages/selenium/webdriver/remote/webelement.py", line 710, in _execute
    return self._parent.execute(command, params)
  File "/Volumes/contents/ywsos2021_web/venv/lib/python3.8/site-packages/selenium/webdriver/remote/webdriver.py", line 424, in execute
    self.error_handler.check_response(response)
  File "/Volumes/contents/ywsos2021_web/venv/lib/python3.8/site-packages/selenium/webdriver/remote/errorhandler.py", line 247, in check_response
    raise exception_class(message, screen, stacktrace)
selenium.common.exceptions.ElementNotInteractableException: Message: element not interactable
  (Session info: chrome=98.0.4758.80)
Stacktrace:
0   chromedriver                        0x00000001030db3c9 chromedriver + 5018569
1   chromedriver                        0x0000000103066333 chromedriver + 4539187
2   chromedriver                        0x0000000102c3b93f chromedriver + 170303
3   chromedriver                        0x0000000102c71407 chromedriver + 390151
4   chromedriver                        0x0000000102c65549 chromedriver + 341321
5   chromedriver                        0x0000000102c8d7e2 chromedriver + 505826
6   chromedriver                        0x0000000102c64de5 chromedriver + 339429
7   chromedriver                        0x0000000102c8d8ee chromedriver + 506094
8   chromedriver                        0x0000000102ca0604 chromedriver + 583172
9   chromedriver                        0x0000000102c8d6d3 chromedriver + 505555
10  chromedriver                        0x0000000102c6395e chromedriver + 334174
11  chromedriver                        0x0000000102c64935 chromedriver + 338229
12  chromedriver                        0x00000001030971ee chromedriver + 4739566
13  chromedriver                        0x00000001030b0f51 chromedriver + 4845393
14  chromedriver                        0x00000001030b6928 chromedriver + 4868392
15  chromedriver                        0x00000001030b1a7a chromedriver + 4848250
16  chromedriver                        0x000000010308bc31 chromedriver + 4693041
17  chromedriver                        0x00000001030cc978 chromedriver + 4958584
18  chromedriver                        0x00000001030ccb01 chromedriver + 4958977
19  chromedriver                        0x00000001030e2795 chromedriver + 5048213
20  libsystem_pthread.dylib             0x00007fff204968fc _pthread_start + 224
21  libsystem_pthread.dylib             0x00007fff20492443 thread_start + 15



====== WebDriver manager ======
Current google-chrome version is 98.0.4758
Get LATEST chromedriver version for 98.0.4758 google-chrome
Driver [/Users/sid/.wdm/drivers/chromedriver/mac64/98.0.4758.80/chromedriver] found in cache
</p>
                            </td>
                        </tr>
                        <tr class='success'>
                            <td class="col-xs-10">test_passwordonly</td>
                            <td class="col-xs-1">
                                <span class="label label-success" style="display:block;width:40px;">Pass</span>
                            </td>
                            <td class="col-xs-1">
                            </td>
                        </tr>
                        <tr class='success'>
                            <td class="col-xs-10">test_usernameonly</td>
                            <td class="col-xs-1">
                                <span class="label label-success" style="display:block;width:40px;">Pass</span>
                            </td>
                            <td class="col-xs-1">
                            </td>
                        </tr>
                        <tr>
                            <td colspan="3">
                                Total: 4, Pass: 3, Error: 1 -- Duration: 37.41 s
                            </td>
                        </tr>
                    </tbody>
                </table>
            </div>
        </div>
    </div>
    <script src="https://ajax.googleapis.com/ajax/libs/jquery/2.2.4/jquery.min.js"></script>
    <script type="text/javascript">
        $(document).ready(function(){
            $('td').on('click', '.btn', function(e){
                e.preventDefault();
                e.stopImmediatePropagation();
                var $this = $(this);
                var $nextRow = $this.closest('tr').next('tr');
                $nextRow.slideToggle("fast");
                $this.text(function(i, text){
                    if (text === 'View') {
                        return 'Hide';
                    } else {
                        return 'View';
                    };
                });
            });
        });
    </script>
</body>
</html