<!DOCTYPE html>
<html>
<head>
    <title>Test Report</title>
    <meta charset="utf-8">
    <meta name="viewport" content="width=device-width, initial-scale=1.0">
    <link rel="stylesheet" href="https://maxcdn.bootstrapcdn.com/bootstrap/3.3.6/css/bootstrap.min.css" integrity="sha384-1q8mTJOASx8j1Au+a5WDVnPi2lkFfwwEAa8hDDdjZlpLegxhjVME1fgjWPGmkzs7" crossorigin="anonymous">
</head>
<body>
    <div class="container">
        <div class="row">
            <div class="col-xs-12">
                <h2 class="text-capitalize">Test Report</h2>
                <p class='attribute'><strong>Start Time: </strong>2022-08-07 08:15:08</p>
                <p class='attribute'><strong>Duration: </strong>26.18 s</p>
                <p class='attribute'><strong>Summary: </strong>Total: 2, Pass: 1, Error: 1</p>
            </div>
        </div>
        <div class="row">
            <div class="col-xs-12 col-sm-10 col-md-10">
                <table class='table table-hover table-responsive'>
                    <thead>
                        <tr>
                            <th>test_suite.AdminTest</th>
                            <th>Status</th>
                            <th></th>
                        </tr>
                    </thead>
                    <tbody>
                        <tr class='success'>
                            <td class="col-xs-10">test_adminEntry</td>
                            <td class="col-xs-1">
                                <span class="label label-success" style="display:block;width:40px;">Pass</span>
                            </td>
                            <td class="col-xs-1">
                            </td>
                        </tr>
                        <tr class='warning'>
                            <td class="col-xs-10">test_markResolved</td>
                            <td class="col-xs-1">
                                <span class="label label-warning" style="display:block;width:40px;">Error</span>
                            </td>
                            <td class="col-xs-1">
                                <button class="btn btn-default btn-xs">View</button>
                            </td>
                        </tr>
                        <tr style="display:none;">
                            <td class="col-xs-9" colspan="3"><p style="color:maroon;">InvalidArgumentException: Message: invalid argument: File not found : /Volumes/contents/ywsos2021_webtest_image.jpeg
  (Session info: chrome=104.0.5112.79)
Stacktrace:
0   chromedriver                        0x00000001012b7149 chromedriver + 4469065
1   chromedriver                        0x0000000101241233 chromedriver + 3985971
2   chromedriver                        0x0000000100ed7fe8 chromedriver + 409576
3   chromedriver                        0x0000000100f06e8e chromedriver + 601742
4   chromedriver                        0x0000000100f2bc62 chromedriver + 752738
5   chromedriver                        0x0000000100f02e35 chromedriver + 585269
6   chromedriver                        0x0000000100f2bd6e chromedriver + 753006
7   chromedriver                        0x0000000100f3e611 chromedriver + 828945
8   chromedriver                        0x0000000100f2bb53 chromedriver + 752467
9   chromedriver                        0x0000000100f01905 chromedriver + 579845
10  chromedriver                        0x0000000100f02955 chromedriver + 584021
11  chromedriver                        0x00000001012886ad chromedriver + 4277933
12  chromedriver                        0x000000010128cb3a chromedriver + 4295482
13  chromedriver                        0x0000000101291cdf chromedriver + 4316383
14  chromedriver                        0x000000010128d857 chromedriver + 4298839
15  chromedriver                        0x000000010126664f chromedriver + 4138575
16  chromedriver                        0x00000001012a81f8 chromedriver + 4407800
17  chromedriver                        0x00000001012a837f chromedriver + 4408191
18  chromedriver                        0x00000001012becb5 chromedriver + 4500661
19  libsystem_pthread.dylib             0x00007fff2032a8fc _pthread_start + 224
20  libsystem_pthread.dylib             0x00007fff20326443 thread_start + 15
</p><p style="color:maroon;">Traceback (most recent call last):
  File "/Volumes/contents/ywsos2021_web/test_cases/test_suite.py", line 92, in test_markResolved
    self.driver.find_element_by_id("file").send_keys(os.getcwd() + "test_image.jpeg")
  File "/Volumes/contents/ywsos2021_web/venv/lib/python3.8/site-packages/selenium/webdriver/remote/webelement.py", line 540, in send_keys
    self._execute(Command.SEND_KEYS_TO_ELEMENT,
  File "/Volumes/contents/ywsos2021_web/venv/lib/python3.8/site-packages/selenium/webdriver/remote/webelement.py", line 710, in _execute
    return self._parent.execute(command, params)
  File "/Volumes/contents/ywsos2021_web/venv/lib/python3.8/site-packages/selenium/webdriver/remote/webdriver.py", line 424, in execute
    self.error_handler.check_response(response)
  File "/Volumes/contents/ywsos2021_web/venv/lib/python3.8/site-packages/selenium/webdriver/remote/errorhandler.py", line 247, in check_response
    raise exception_class(message, screen, stacktrace)
selenium.common.exceptions.InvalidArgumentException: Message: invalid argument: File not found : /Volumes/contents/ywsos2021_webtest_image.jpeg
  (Session info: chrome=104.0.5112.79)
Stacktrace:
0   chromedriver                        0x00000001012b7149 chromedriver + 4469065
1   chromedriver                        0x0000000101241233 chromedriver + 3985971
2   chromedriver                        0x0000000100ed7fe8 chromedriver + 409576
3   chromedriver                        0x0000000100f06e8e chromedriver + 601742
4   chromedriver                        0x0000000100f2bc62 chromedriver + 752738
5   chromedriver                        0x0000000100f02e35 chromedriver + 585269
6   chromedriver                        0x0000000100f2bd6e chromedriver + 753006
7   chromedriver                        0x0000000100f3e611 chromedriver + 828945
8   chromedriver                        0x0000000100f2bb53 chromedriver + 752467
9   chromedriver                        0x0000000100f01905 chromedriver + 579845
10  chromedriver                        0x0000000100f02955 chromedriver + 584021
11  chromedriver                        0x00000001012886ad chromedriver + 4277933
12  chromedriver                        0x000000010128cb3a chromedriver + 4295482
13  chromedriver                        0x0000000101291cdf chromedriver + 4316383
14  chromedriver                        0x000000010128d857 chromedriver + 4298839
15  chromedriver                        0x000000010126664f chromedriver + 4138575
16  chromedriver                        0x00000001012a81f8 chromedriver + 4407800
17  chromedriver                        0x00000001012a837f chromedriver + 4408191
18  chromedriver                        0x00000001012becb5 chromedriver + 4500661
19  libsystem_pthread.dylib             0x00007fff2032a8fc _pthread_start + 224
20  libsystem_pthread.dylib             0x00007fff20326443 thread_start + 15



====== WebDriver manager ======
Current google-chrome version is 104.0.5112
Get LATEST chromedriver version for 104.0.5112 google-chrome
Driver [/Users/sid/.wdm/drivers/chromedriver/mac64/104.0.5112.79/chromedriver] found in cache
</p>
                            </td>
                        </tr>
                        <tr>
                            <td colspan="3">
                                Total: 2, Pass: 1, Error: 1 -- Duration: 26.18 s
                            </td>
                        </tr>
                    </tbody>
                </table>
            </div>
        </div>
    </div>
    <script src="https://ajax.googleapis.com/ajax/libs/jquery/2.2.4/jquery.min.js"></script>
    <script type="text/javascript">
        $(document).ready(function(){
            $('td').on('click', '.btn', function(e){
                e.preventDefault();
                e.stopImmediatePropagation();
                var $this = $(this);
                var $nextRow = $this.closest('tr').next('tr');
                $nextRow.slideToggle("fast");
                $this.text(function(i, text){
                    if (text === 'View') {
                        return 'Hide';
                    } else {
                        return 'View';
                    };
                });
            });
        });
    </script>
</body>
</html